0 verbose cli /Users/zoeyong/.nvm/versions/node/v22.19.0/bin/node /Users/zoeyong/.nvm/versions/node/v22.19.0/bin/npm
1 info using npm@10.9.3
2 info using node@v22.19.0
3 silly config load:file:/Users/zoeyong/.nvm/versions/node/v22.19.0/lib/node_modules/npm/npmrc
4 silly config load:file:/Volumes/Wenting_NVMe/Dev/Portfolio/portfolio-2026/.npmrc
5 silly config load:file:/Users/zoeyong/.npmrc
6 silly config load:file:/Users/zoeyong/.nvm/versions/node/v22.19.0/etc/npmrc
7 verbose title npm install @react-three/postprocessing@2.19.1
8 verbose argv "install" "@react-three/postprocessing@2.19.1" "--cache" ".npm-cache"
9 verbose logfile logs-max:10 dir:/Volumes/Wenting_NVMe/Dev/Portfolio/portfolio-2026/.npm-cache/_logs/2026-01-21T02_45_39_866Z-
10 verbose logfile /Volumes/Wenting_NVMe/Dev/Portfolio/portfolio-2026/.npm-cache/_logs/2026-01-21T02_45_39_866Z-debug-0.log
11 silly logfile done cleaning log files
12 silly packumentCache heap:4345298944 maxSize:1086324736 maxEntrySize:543162368
13 silly idealTree buildDeps
14 silly fetch manifest @react-three/postprocessing@2.19.1
15 silly packumentCache full:https://registry.npmjs.org/@react-three%2fpostprocessing cache-miss
16 http cache https://registry.npmjs.org/@react-three%2fpostprocessing 27ms (cache hit)
17 silly packumentCache full:https://registry.npmjs.org/@react-three%2fpostprocessing set size:475851 disposed:false
18 silly fetch manifest @react-three/fiber@^8.17.10
19 silly packumentCache full:https://registry.npmjs.org/@react-three%2ffiber cache-miss
20 http cache https://registry.npmjs.org/@react-three%2ffiber 2ms (cache hit)
21 silly packumentCache full:https://registry.npmjs.org/@react-three%2ffiber set size:1083501 disposed:false
22 silly fetch manifest expo@>=43.0
23 silly packumentCache full:https://registry.npmjs.org/expo cache-miss
24 http cache https://registry.npmjs.org/expo 3ms (cache hit)
25 silly packumentCache full:https://registry.npmjs.org/expo set size:3448202 disposed:false
26 silly fetch manifest @expo/dom-webview@*
27 silly packumentCache full:https://registry.npmjs.org/@expo%2fdom-webview cache-miss
28 http cache https://registry.npmjs.org/@expo%2fdom-webview 2ms (cache hit)
29 silly packumentCache full:https://registry.npmjs.org/@expo%2fdom-webview set size:297600 disposed:false
30 silly fetch manifest react@^18.3.1
31 silly packumentCache full:https://registry.npmjs.org/react cache-miss
32 http cache https://registry.npmjs.org/react 5ms (cache hit)
33 silly packumentCache full:https://registry.npmjs.org/react set size:6398188 disposed:false
34 silly fetch manifest react-native@*
35 silly packumentCache full:https://registry.npmjs.org/react-native cache-miss
36 http cache https://registry.npmjs.org/react-native 12ms (cache hit)
37 silly packumentCache full:https://registry.npmjs.org/react-native set size:14688269 disposed:false
38 silly fetch manifest @types/react@^18.3.12
39 silly packumentCache full:https://registry.npmjs.org/@types%2freact cache-miss
40 http cache https://registry.npmjs.org/@types%2freact 4ms (cache hit)
41 silly packumentCache full:https://registry.npmjs.org/@types%2freact set size:2551060 disposed:false
42 silly fetch manifest @types/react@^19.1.1
43 silly packumentCache full:https://registry.npmjs.org/@types%2freact cache-miss
44 http cache https://registry.npmjs.org/@types%2freact 2ms (cache hit)
45 silly packumentCache full:https://registry.npmjs.org/@types%2freact set size:2551060 disposed:false
46 silly fetch manifest react@^19.2.0
47 silly packumentCache full:https://registry.npmjs.org/react cache-miss
48 http cache https://registry.npmjs.org/react 6ms (cache hit)
49 silly packumentCache full:https://registry.npmjs.org/react set size:6398188 disposed:false
50 silly fetch manifest @expo/metro-runtime@*
51 silly packumentCache full:https://registry.npmjs.org/@expo%2fmetro-runtime cache-miss
52 http cache https://registry.npmjs.org/@expo%2fmetro-runtime 1ms (cache hit)
53 silly packumentCache full:https://registry.npmjs.org/@expo%2fmetro-runtime set size:553285 disposed:false
54 silly fetch manifest react-dom@^18.3.1
55 silly packumentCache full:https://registry.npmjs.org/react-dom cache-miss
56 http cache https://registry.npmjs.org/react-dom 7ms (cache hit)
57 silly packumentCache full:https://registry.npmjs.org/react-dom set size:8436180 disposed:false
58 silly fetch manifest react-native-webview@*
59 silly packumentCache full:https://registry.npmjs.org/react-native-webview cache-miss
60 http cache https://registry.npmjs.org/react-native-webview 4ms (cache hit)
61 silly packumentCache full:https://registry.npmjs.org/react-native-webview set size:1350913 disposed:false
62 silly fetch manifest expo-asset@>=8.4
63 silly packumentCache full:https://registry.npmjs.org/expo-asset cache-miss
64 http cache https://registry.npmjs.org/expo-asset 2ms (cache hit)
65 silly packumentCache full:https://registry.npmjs.org/expo-asset set size:841667 disposed:false
66 silly fetch manifest expo-file-system@>=11.0
67 silly packumentCache full:https://registry.npmjs.org/expo-file-system cache-miss
68 http cache https://registry.npmjs.org/expo-file-system 1ms (cache hit)
69 silly packumentCache full:https://registry.npmjs.org/expo-file-system set size:892618 disposed:false
70 silly fetch manifest expo-gl@>=11.0
71 silly packumentCache full:https://registry.npmjs.org/expo-gl cache-miss
72 http cache https://registry.npmjs.org/expo-gl 1ms (cache hit)
73 silly packumentCache full:https://registry.npmjs.org/expo-gl set size:793975 disposed:false
74 silly fetch manifest react-native-reanimated@*
75 silly packumentCache full:https://registry.npmjs.org/react-native-reanimated cache-miss
76 http cache https://registry.npmjs.org/react-native-reanimated 8ms (cache hit)
77 silly packumentCache full:https://registry.npmjs.org/react-native-reanimated set size:10276476 disposed:false
78 silly fetch manifest react-native-worklets@>=0.7.0
79 silly packumentCache full:https://registry.npmjs.org/react-native-worklets cache-miss
80 http cache https://registry.npmjs.org/react-native-worklets 3ms (cache hit)
81 silly packumentCache full:https://registry.npmjs.org/react-native-worklets set size:1984330 disposed:false
82 silly fetch manifest @babel/core@*
83 silly packumentCache full:https://registry.npmjs.org/@babel%2fcore cache-miss
84 http cache https://registry.npmjs.org/@babel%2fcore 1ms (cache hit)
85 silly packumentCache full:https://registry.npmjs.org/@babel%2fcore set size:745002 disposed:false
86 silly fetch manifest react-native-web@*
87 silly packumentCache full:https://registry.npmjs.org/react-native-web cache-miss
88 http cache https://registry.npmjs.org/react-native-web 2ms (cache hit)
89 silly packumentCache full:https://registry.npmjs.org/react-native-web set size:1090363 disposed:false
90 silly fetch manifest three@^0.169.0
91 silly packumentCache full:https://registry.npmjs.org/three cache-miss
92 http cache https://registry.npmjs.org/three 2ms (cache hit)
93 silly packumentCache full:https://registry.npmjs.org/three set size:910018 disposed:false
94 silly placeDep ROOT @react-three/postprocessing@2.19.1 OK for: portfolio-2026@0.1.0 want: 2.19.1
95 silly fetch manifest n8ao@^1.6.6
96 silly packumentCache full:https://registry.npmjs.org/n8ao cache-miss
97 silly fetch manifest maath@^0.6.0
98 silly packumentCache full:https://registry.npmjs.org/maath cache-miss
99 http fetch GET 200 https://registry.npmjs.org/maath 101ms (cache miss)
100 silly packumentCache full:https://registry.npmjs.org/maath set size:undefined disposed:false
101 http fetch GET 200 https://registry.npmjs.org/n8ao 152ms (cache miss)
102 silly packumentCache full:https://registry.npmjs.org/n8ao set size:undefined disposed:false
103 silly fetch manifest postprocessing@^6.32.1
104 silly packumentCache full:https://registry.npmjs.org/postprocessing cache-miss
105 http fetch GET 200 https://registry.npmjs.org/postprocessing 104ms (cache miss)
106 silly packumentCache full:https://registry.npmjs.org/postprocessing set size:undefined disposed:false
107 silly fetch manifest three@>= 0.138.0
108 silly packumentCache full:https://registry.npmjs.org/three cache-hit
109 silly fetch manifest @types/three@>=0.144.0
110 silly packumentCache full:https://registry.npmjs.org/@types%2fthree cache-miss
111 http fetch GET 200 https://registry.npmjs.org/@types%2fthree 74ms (cache miss)
112 silly packumentCache full:https://registry.npmjs.org/@types%2fthree set size:undefined disposed:false
113 silly placeDep node_modules/@react-three/postprocessing maath@0.6.0 OK for: @react-three/postprocessing@2.19.1 want: ^0.6.0
114 silly placeDep ROOT n8ao@1.10.1 OK for: @react-three/postprocessing@2.19.1 want: ^1.6.6
115 silly reify moves {}
116 silly audit bulk request {
116 silly audit   '@babel/runtime': [ '7.28.6' ],
116 silly audit   '@emnapi/core': [ '1.8.1' ],
116 silly audit   '@emnapi/runtime': [ '1.8.1' ],
116 silly audit   '@emnapi/wasi-threads': [ '1.1.0' ],
116 silly audit   '@eslint-community/eslint-utils': [ '4.9.1' ],
116 silly audit   'eslint-visitor-keys': [ '3.4.3', '4.2.1' ],
116 silly audit   '@eslint-community/regexpp': [ '4.12.2' ],
116 silly audit   '@eslint/config-array': [ '0.21.1' ],
116 silly audit   '@eslint/config-helpers': [ '0.4.2' ],
116 silly audit   '@eslint/core': [ '0.17.0' ],
116 silly audit   '@eslint/eslintrc': [ '3.3.3' ],
116 silly audit   '@eslint/js': [ '9.39.2' ],
116 silly audit   '@eslint/object-schema': [ '2.1.7' ],
116 silly audit   '@eslint/plugin-kit': [ '0.4.1' ],
116 silly audit   '@humanfs/core': [ '0.19.1' ],
116 silly audit   '@humanfs/node': [ '0.16.7' ],
116 silly audit   '@humanwhocodes/module-importer': [ '1.0.1' ],
116 silly audit   '@humanwhocodes/retry': [ '0.4.3' ],
116 silly audit   '@img/colour': [ '1.0.0' ],
116 silly audit   '@img/sharp-darwin-arm64': [ '0.34.5' ],
116 silly audit   '@img/sharp-darwin-x64': [ '0.34.5' ],
116 silly audit   '@img/sharp-libvips-darwin-arm64': [ '1.2.4' ],
116 silly audit   '@img/sharp-libvips-darwin-x64': [ '1.2.4' ],
116 silly audit   '@img/sharp-libvips-linux-arm': [ '1.2.4' ],
116 silly audit   '@img/sharp-libvips-linux-arm64': [ '1.2.4' ],
116 silly audit   '@img/sharp-libvips-linux-ppc64': [ '1.2.4' ],
116 silly audit   '@img/sharp-libvips-linux-riscv64': [ '1.2.4' ],
116 silly audit   '@img/sharp-libvips-linux-s390x': [ '1.2.4' ],
116 silly audit   '@img/sharp-libvips-linux-x64': [ '1.2.4' ],
116 silly audit   '@img/sharp-libvips-linuxmusl-arm64': [ '1.2.4' ],
116 silly audit   '@img/sharp-libvips-linuxmusl-x64': [ '1.2.4' ],
116 silly audit   '@img/sharp-linux-arm': [ '0.34.5' ],
116 silly audit   '@img/sharp-linux-arm64': [ '0.34.5' ],
116 silly audit   '@img/sharp-linux-ppc64': [ '0.34.5' ],
116 silly audit   '@img/sharp-linux-riscv64': [ '0.34.5' ],
116 silly audit   '@img/sharp-linux-s390x': [ '0.34.5' ],
116 silly audit   '@img/sharp-linux-x64': [ '0.34.5' ],
116 silly audit   '@img/sharp-linuxmusl-arm64': [ '0.34.5' ],
116 silly audit   '@img/sharp-linuxmusl-x64': [ '0.34.5' ],
116 silly audit   '@img/sharp-wasm32': [ '0.34.5' ],
116 silly audit   '@img/sharp-win32-arm64': [ '0.34.5' ],
116 silly audit   '@img/sharp-win32-ia32': [ '0.34.5' ],
116 silly audit   '@img/sharp-win32-x64': [ '0.34.5' ],
116 silly audit   '@mediapipe/tasks-vision': [ '0.10.17' ],
116 silly audit   '@monogrid/gainmap-js': [ '3.4.0' ],
116 silly audit   '@napi-rs/wasm-runtime': [ '0.2.12' ],
116 silly audit   '@next/env': [ '15.5.9' ],
116 silly audit   '@next/eslint-plugin-next': [ '15.5.9' ],
116 silly audit   '@next/swc-darwin-arm64': [ '15.5.7' ],
116 silly audit   '@next/swc-darwin-x64': [ '15.5.7' ],
116 silly audit   '@next/swc-linux-arm64-gnu': [ '15.5.7' ],
116 silly audit   '@next/swc-linux-arm64-musl': [ '15.5.7' ],
116 silly audit   '@next/swc-linux-x64-gnu': [ '15.5.7' ],
116 silly audit   '@next/swc-linux-x64-musl': [ '15.5.7' ],
116 silly audit   '@next/swc-win32-arm64-msvc': [ '15.5.7' ],
116 silly audit   '@next/swc-win32-x64-msvc': [ '15.5.7' ],
116 silly audit   '@nodelib/fs.scandir': [ '2.1.5' ],
116 silly audit   '@nodelib/fs.stat': [ '2.0.5' ],
116 silly audit   '@nodelib/fs.walk': [ '1.2.8' ],
116 silly audit   '@nolyfill/is-core-module': [ '1.0.39' ],
116 silly audit   '@parcel/watcher': [ '2.5.4' ],
116 silly audit   '@parcel/watcher-android-arm64': [ '2.5.4' ],
116 silly audit   '@parcel/watcher-darwin-arm64': [ '2.5.4' ],
116 silly audit   '@parcel/watcher-darwin-x64': [ '2.5.4' ],
116 silly audit   '@parcel/watcher-freebsd-x64': [ '2.5.4' ],
116 silly audit   '@parcel/watcher-linux-arm-glibc': [ '2.5.4' ],
116 silly audit   '@parcel/watcher-linux-arm-musl': [ '2.5.4' ],
116 silly audit   '@parcel/watcher-linux-arm64-glibc': [ '2.5.4' ],
116 silly audit   '@parcel/watcher-linux-arm64-musl': [ '2.5.4' ],
116 silly audit   '@parcel/watcher-linux-x64-glibc': [ '2.5.4' ],
116 silly audit   '@parcel/watcher-linux-x64-musl': [ '2.5.4' ],
116 silly audit   '@parcel/watcher-win32-arm64': [ '2.5.4' ],
116 silly audit   '@parcel/watcher-win32-ia32': [ '2.5.4' ],
116 silly audit   '@parcel/watcher-win32-x64': [ '2.5.4' ],
116 silly audit   picomatch: [ '4.0.3', '2.3.1' ],
116 silly audit   '@react-spring/animated': [ '9.7.5' ],
116 silly audit   '@react-spring/core': [ '9.7.5' ],
116 silly audit   '@react-spring/rafz': [ '9.7.5' ],
116 silly audit   '@react-spring/shared': [ '9.7.5' ],
116 silly audit   '@react-spring/three': [ '9.7.5' ],
116 silly audit   '@react-spring/types': [ '9.7.5' ],
116 silly audit   '@react-three/drei': [ '9.122.0' ],
116 silly audit   '@react-three/fiber': [ '8.18.0' ],
116 silly audit   zustand: [ '3.7.2', '4.5.7', '5.0.10' ],
116 silly audit   '@rtsao/scc': [ '1.1.0' ],
116 silly audit   '@rushstack/eslint-patch': [ '1.15.0' ],
116 silly audit   '@swc/helpers': [ '0.5.15' ],
116 silly audit   '@tweenjs/tween.js': [ '23.1.3' ],
116 silly audit   '@tybys/wasm-util': [ '0.10.1' ],
116 silly audit   '@types/draco3d': [ '1.4.10' ],
116 silly audit   '@types/estree': [ '1.0.8' ],
116 silly audit   '@types/json-schema': [ '7.0.15' ],
116 silly audit   '@types/json5': [ '0.0.29' ],
116 silly audit   '@types/node': [ '22.19.7' ],
116 silly audit   '@types/offscreencanvas': [ '2019.7.3' ],
116 silly audit   '@types/prop-types': [ '15.7.15' ],
116 silly audit   '@types/react': [ '18.3.27' ],
116 silly audit   '@types/react-dom': [ '18.3.7' ],
116 silly audit   '@types/react-reconciler': [ '0.26.7', '0.28.9' ],
116 silly audit   '@types/stats.js': [ '0.17.4' ],
116 silly audit   '@types/three': [ '0.169.0' ],
116 silly audit   '@types/webxr': [ '0.5.24' ],
116 silly audit   '@typescript-eslint/eslint-plugin': [ '8.53.0' ],
116 silly audit   ignore: [ '7.0.5', '5.3.2' ],
116 silly audit   '@typescript-eslint/parser': [ '8.53.0' ],
116 silly audit   '@typescript-eslint/project-service': [ '8.53.0' ],
116 silly audit   '@typescript-eslint/scope-manager': [ '8.53.0' ],
116 silly audit   '@typescript-eslint/tsconfig-utils': [ '8.53.0' ],
116 silly audit   '@typescript-eslint/type-utils': [ '8.53.0' ],
116 silly audit   '@typescript-eslint/types': [ '8.53.0' ],
116 silly audit   '@typescript-eslint/typescript-estree': [ '8.53.0' ],
116 silly audit   'brace-expansion': [ '2.0.2', '1.1.12' ],
116 silly audit   minimatch: [ '9.0.5', '3.1.2' ],
116 silly audit   '@typescript-eslint/utils': [ '8.53.0' ],
116 silly audit   '@typescript-eslint/visitor-keys': [ '8.53.0' ],
116 silly audit   '@unrs/resolver-binding-android-arm-eabi': [ '1.11.1' ],
116 silly audit   '@unrs/resolver-binding-android-arm64': [ '1.11.1' ],
116 silly audit   '@unrs/resolver-binding-darwin-arm64': [ '1.11.1' ],
116 silly audit   '@unrs/resolver-binding-darwin-x64': [ '1.11.1' ],
116 silly audit   '@unrs/resolver-binding-freebsd-x64': [ '1.11.1' ],
116 silly audit   '@unrs/resolver-binding-linux-arm-gnueabihf': [ '1.11.1' ],
116 silly audit   '@unrs/resolver-binding-linux-arm-musleabihf': [ '1.11.1' ],
116 silly audit   '@unrs/resolver-binding-linux-arm64-gnu': [ '1.11.1' ],
116 silly audit   '@unrs/resolver-binding-linux-arm64-musl': [ '1.11.1' ],
116 silly audit   '@unrs/resolver-binding-linux-ppc64-gnu': [ '1.11.1' ],
116 silly audit   '@unrs/resolver-binding-linux-riscv64-gnu': [ '1.11.1' ],
116 silly audit   '@unrs/resolver-binding-linux-riscv64-musl': [ '1.11.1' ],
116 silly audit   '@unrs/resolver-binding-linux-s390x-gnu': [ '1.11.1' ],
116 silly audit   '@unrs/resolver-binding-linux-x64-gnu': [ '1.11.1' ],
116 silly audit   '@unrs/resolver-binding-linux-x64-musl': [ '1.11.1' ],
116 silly audit   '@unrs/resolver-binding-wasm32-wasi': [ '1.11.1' ],
116 silly audit   '@unrs/resolver-binding-win32-arm64-msvc': [ '1.11.1' ],
116 silly audit   '@unrs/resolver-binding-win32-ia32-msvc': [ '1.11.1' ],
116 silly audit   '@unrs/resolver-binding-win32-x64-msvc': [ '1.11.1' ],
116 silly audit   '@use-gesture/core': [ '10.3.1' ],
116 silly audit   '@use-gesture/react': [ '10.3.1' ],
116 silly audit   '@webgpu/types': [ '0.1.69' ],
116 silly audit   acorn: [ '8.15.0' ],
116 silly audit   'acorn-jsx': [ '5.3.2' ],
116 silly audit   ajv: [ '6.12.6' ],
116 silly audit   'ansi-styles': [ '4.3.0' ],
116 silly audit   argparse: [ '2.0.1' ],
116 silly audit   'aria-query': [ '5.3.2' ],
116 silly audit   'array-buffer-byte-length': [ '1.0.2' ],
116 silly audit   'array-includes': [ '3.1.9' ],
116 silly audit   'array.prototype.findlast': [ '1.2.5' ],
116 silly audit   'array.prototype.findlastindex': [ '1.2.6' ],
116 silly audit   'array.prototype.flat': [ '1.3.3' ],
116 silly audit   'array.prototype.flatmap': [ '1.3.3' ],
116 silly audit   'array.prototype.tosorted': [ '1.1.4' ],
116 silly audit   'arraybuffer.prototype.slice': [ '1.0.4' ],
116 silly audit   'ast-types-flow': [ '0.0.8' ],
116 silly audit   'async-function': [ '1.0.0' ],
116 silly audit   'available-typed-arrays': [ '1.0.7' ],
116 silly audit   'axe-core': [ '4.11.1' ],
116 silly audit   'axobject-query': [ '4.1.0' ],
116 silly audit   'balanced-match': [ '1.0.2' ],
116 silly audit   'base64-js': [ '1.5.1' ],
116 silly audit   'bidi-js': [ '1.0.3' ],
116 silly audit   braces: [ '3.0.3' ],
116 silly audit   buffer: [ '6.0.3' ],
116 silly audit   'call-bind': [ '1.0.8' ],
116 silly audit   'call-bind-apply-helpers': [ '1.0.2' ],
116 silly audit   'call-bound': [ '1.0.4' ],
116 silly audit   callsites: [ '3.1.0' ],
116 silly audit   'camera-controls': [ '2.10.1' ],
116 silly audit   'caniuse-lite': [ '1.0.30001765' ],
116 silly audit   chalk: [ '4.1.2' ],
116 silly audit   chokidar: [ '4.0.3' ],
116 silly audit   'client-only': [ '0.0.1' ],
116 silly audit   'color-convert': [ '2.0.1' ],
116 silly audit   'color-name': [ '1.1.4' ],
116 silly audit   'concat-map': [ '0.0.1' ],
116 silly audit   'cross-env': [ '7.0.3' ],
116 silly audit   'cross-spawn': [ '7.0.6' ],
116 silly audit   csstype: [ '3.2.3' ],
116 silly audit   'damerau-levenshtein': [ '1.0.8' ],
116 silly audit   'data-view-buffer': [ '1.0.2' ],
116 silly audit   'data-view-byte-length': [ '1.0.2' ],
116 silly audit   'data-view-byte-offset': [ '1.0.1' ],
116 silly audit   debug: [ '4.4.3', '3.2.7' ],
116 silly audit   'deep-is': [ '0.1.4' ],
116 silly audit   'define-data-property': [ '1.1.4' ],
116 silly audit   'define-properties': [ '1.2.1' ],
116 silly audit   'detect-gpu': [ '5.0.70' ],
116 silly audit   'detect-libc': [ '2.1.2' ],
116 silly audit   doctrine: [ '2.1.0' ],
116 silly audit   draco3d: [ '1.5.7' ],
116 silly audit   'dunder-proto': [ '1.0.1' ],
116 silly audit   'emoji-regex': [ '9.2.2' ],
116 silly audit   'es-abstract': [ '1.24.1' ],
116 silly audit   'es-define-property': [ '1.0.1' ],
116 silly audit   'es-errors': [ '1.3.0' ],
116 silly audit   'es-iterator-helpers': [ '1.2.2' ],
116 silly audit   'es-object-atoms': [ '1.1.1' ],
116 silly audit   'es-set-tostringtag': [ '2.1.0' ],
116 silly audit   'es-shim-unscopables': [ '1.1.0' ],
116 silly audit   'es-to-primitive': [ '1.3.0' ],
116 silly audit   'escape-string-regexp': [ '4.0.0' ],
116 silly audit   eslint: [ '9.39.2' ],
116 silly audit   'eslint-config-next': [ '15.5.9' ],
116 silly audit   'eslint-import-resolver-node': [ '0.3.9' ],
116 silly audit   'eslint-import-resolver-typescript': [ '3.10.1' ],
116 silly audit   'eslint-module-utils': [ '2.12.1' ],
116 silly audit   'eslint-plugin-import': [ '2.32.0' ],
116 silly audit   semver: [ '6.3.1', '7.7.3' ],
116 silly audit   'eslint-plugin-jsx-a11y': [ '6.10.2' ],
116 silly audit   'eslint-plugin-react': [ '7.37.5' ],
116 silly audit   'eslint-plugin-react-hooks': [ '5.2.0' ],
116 silly audit   resolve: [ '2.0.0-next.5', '1.22.11' ],
116 silly audit   'eslint-scope': [ '8.4.0' ],
116 silly audit   espree: [ '10.4.0' ],
116 silly audit   esquery: [ '1.7.0' ],
116 silly audit   esrecurse: [ '4.3.0' ],
116 silly audit   estraverse: [ '5.3.0' ],
116 silly audit   esutils: [ '2.0.3' ],
116 silly audit   'fast-deep-equal': [ '3.1.3' ],
116 silly audit   'fast-glob': [ '3.3.1' ],
116 silly audit   'glob-parent': [ '5.1.2', '6.0.2' ],
116 silly audit   'fast-json-stable-stringify': [ '2.1.0' ],
116 silly audit   'fast-levenshtein': [ '2.0.6' ],
116 silly audit   fastq: [ '1.20.1' ],
116 silly audit   fflate: [ '0.8.2', '0.6.10' ],
116 silly audit   'file-entry-cache': [ '8.0.0' ],
116 silly audit   'fill-range': [ '7.1.1' ],
116 silly audit   'find-up': [ '5.0.0' ],
116 silly audit   'flat-cache': [ '4.0.1' ],
116 silly audit   flatted: [ '3.3.3' ],
116 silly audit   'for-each': [ '0.3.5' ],
116 silly audit   'function-bind': [ '1.1.2' ],
116 silly audit   'function.prototype.name': [ '1.1.8' ],
116 silly audit   'functions-have-names': [ '1.2.3' ],
116 silly audit   'generator-function': [ '2.0.1' ],
116 silly audit   'get-intrinsic': [ '1.3.0' ],
116 silly audit   'get-proto': [ '1.0.1' ],
116 silly audit   'get-symbol-description': [ '1.1.0' ],
116 silly audit   'get-tsconfig': [ '4.13.0' ],
116 silly audit   globals: [ '14.0.0' ],
116 silly audit   globalthis: [ '1.0.4' ],
116 silly audit   'glsl-noise': [ '0.0.0' ],
116 silly audit   gopd: [ '1.2.0' ],
116 silly audit   gsap: [ '3.14.2' ],
116 silly audit   'has-bigints': [ '1.1.0' ],
116 silly audit   'has-flag': [ '4.0.0' ],
116 silly audit   'has-property-descriptors': [ '1.0.2' ],
116 silly audit   'has-proto': [ '1.2.0' ],
116 silly audit   'has-symbols': [ '1.1.0' ],
116 silly audit   'has-tostringtag': [ '1.0.2' ],
116 silly audit   hasown: [ '2.0.2' ],
116 silly audit   'hls.js': [ '1.6.15' ],
116 silly audit   ieee754: [ '1.2.1' ],
116 silly audit   immediate: [ '3.0.6' ],
116 silly audit   immutable: [ '5.1.4' ],
116 silly audit   'import-fresh': [ '3.3.1' ],
116 silly audit   imurmurhash: [ '0.1.4' ],
116 silly audit   'internal-slot': [ '1.1.0' ],
116 silly audit   'is-array-buffer': [ '3.0.5' ],
116 silly audit   'is-async-function': [ '2.1.1' ],
116 silly audit   'is-bigint': [ '1.1.0' ],
116 silly audit   'is-boolean-object': [ '1.2.2' ],
116 silly audit   'is-bun-module': [ '2.0.0' ],
116 silly audit   'is-callable': [ '1.2.7' ],
116 silly audit   'is-core-module': [ '2.16.1' ],
116 silly audit   'is-data-view': [ '1.0.2' ],
116 silly audit   'is-date-object': [ '1.1.0' ],
116 silly audit   'is-extglob': [ '2.1.1' ],
116 silly audit   'is-finalizationregistry': [ '1.1.1' ],
116 silly audit   'is-generator-function': [ '1.1.2' ],
116 silly audit   'is-glob': [ '4.0.3' ],
116 silly audit   'is-map': [ '2.0.3' ],
116 silly audit   'is-negative-zero': [ '2.0.3' ],
116 silly audit   'is-number': [ '7.0.0' ],
116 silly audit   'is-number-object': [ '1.1.1' ],
116 silly audit   'is-promise': [ '2.2.2' ],
116 silly audit   'is-regex': [ '1.2.1' ],
116 silly audit   'is-set': [ '2.0.3' ],
116 silly audit   'is-shared-array-buffer': [ '1.0.4' ],
116 silly audit   'is-string': [ '1.1.1' ],
116 silly audit   'is-symbol': [ '1.1.1' ],
116 silly audit   'is-typed-array': [ '1.1.15' ],
116 silly audit   'is-weakmap': [ '2.0.2' ],
116 silly audit   'is-weakref': [ '1.1.1' ],
116 silly audit   'is-weakset': [ '2.0.4' ],
116 silly audit   isarray: [ '2.0.5' ],
116 silly audit   isexe: [ '2.0.0' ],
116 silly audit   'iterator.prototype': [ '1.1.5' ],
116 silly audit   'its-fine': [ '1.2.5' ],
116 silly audit   'js-tokens': [ '4.0.0' ],
116 silly audit   'js-yaml': [ '4.1.1' ],
116 silly audit   'json-buffer': [ '3.0.1' ],
116 silly audit   'json-schema-traverse': [ '0.4.1' ],
116 silly audit   'json-stable-stringify-without-jsonify': [ '1.0.1' ],
116 silly audit   json5: [ '1.0.2' ],
116 silly audit   'jsx-ast-utils': [ '3.3.5' ],
116 silly audit   keyv: [ '4.5.4' ],
116 silly audit   'language-subtag-registry': [ '0.3.23' ],
116 silly audit   'language-tags': [ '1.0.9' ],
116 silly audit   levn: [ '0.4.1' ],
116 silly audit   lie: [ '3.3.0' ],
116 silly audit   'locate-path': [ '6.0.0' ],
116 silly audit   'lodash.merge': [ '4.6.2' ],
116 silly audit   'loose-envify': [ '1.4.0' ],
116 silly audit   maath: [ '0.10.8', '0.6.0' ],
116 silly audit   'math-intrinsics': [ '1.1.0' ],
116 silly audit   merge2: [ '1.4.1' ],
116 silly audit   meshline: [ '3.3.1' ],
116 silly audit   meshoptimizer: [ '0.18.1' ],
116 silly audit   micromatch: [ '4.0.8' ],
116 silly audit   minimist: [ '1.2.8' ],
116 silly audit   ms: [ '2.1.3' ],
116 silly audit   nanoid: [ '3.3.11' ],
116 silly audit   'napi-postinstall': [ '0.3.4' ],
116 silly audit   'natural-compare': [ '1.4.0' ],
116 silly audit   next: [ '15.5.9' ],
116 silly audit   'node-addon-api': [ '7.1.1' ],
116 silly audit   'object-assign': [ '4.1.1' ],
116 silly audit   'object-inspect': [ '1.13.4' ],
116 silly audit   'object-keys': [ '1.1.1' ],
116 silly audit   'object.assign': [ '4.1.7' ],
116 silly audit   'object.entries': [ '1.1.9' ],
116 silly audit   'object.fromentries': [ '2.0.8' ],
116 silly audit   'object.groupby': [ '1.0.3' ],
116 silly audit   'object.values': [ '1.2.1' ],
116 silly audit   optionator: [ '0.9.4' ],
116 silly audit   'own-keys': [ '1.0.1' ],
116 silly audit   'p-limit': [ '3.1.0' ],
116 silly audit   'p-locate': [ '5.0.0' ],
116 silly audit   'parent-module': [ '1.0.1' ],
116 silly audit   'path-exists': [ '4.0.0' ],
116 silly audit   'path-key': [ '3.1.1' ],
116 silly audit   'path-parse': [ '1.0.7' ],
116 silly audit   picocolors: [ '1.1.1' ],
116 silly audit   'possible-typed-array-names': [ '1.1.0' ],
116 silly audit   postcss: [ '8.4.31' ],
116 silly audit   postprocessing: [ '6.38.2' ],
116 silly audit   potpack: [ '1.0.2' ],
116 silly audit   'prelude-ls': [ '1.2.1' ],
116 silly audit   'promise-worker-transferable': [ '1.0.4' ],
116 silly audit   'prop-types': [ '15.8.1' ],
116 silly audit   punycode: [ '2.3.1' ],
116 silly audit   'queue-microtask': [ '1.2.3' ],
116 silly audit   react: [ '18.3.1' ],
116 silly audit   'react-composer': [ '5.0.3' ],
116 silly audit   'react-dom': [ '18.3.1' ],
116 silly audit   scheduler: [ '0.23.2', '0.21.0' ],
116 silly audit   'react-is': [ '16.13.1' ],
116 silly audit   'react-reconciler': [ '0.27.0' ],
116 silly audit   'react-use-measure': [ '2.1.7' ],
116 silly audit   readdirp: [ '4.1.2' ],
116 silly audit   'reflect.getprototypeof': [ '1.0.10' ],
116 silly audit   'regexp.prototype.flags': [ '1.5.4' ],
116 silly audit   'require-from-string': [ '2.0.2' ],
116 silly audit   'resolve-from': [ '4.0.0' ],
116 silly audit   'resolve-pkg-maps': [ '1.0.0' ],
116 silly audit   reusify: [ '1.1.0' ],
116 silly audit   'run-parallel': [ '1.2.0' ],
116 silly audit   'safe-array-concat': [ '1.1.3' ],
116 silly audit   'safe-push-apply': [ '1.0.0' ],
116 silly audit   'safe-regex-test': [ '1.1.0' ],
116 silly audit   sass: [ '1.97.2' ],
116 silly audit   'set-function-length': [ '1.2.2' ],
116 silly audit   'set-function-name': [ '2.0.2' ],
116 silly audit   'set-proto': [ '1.0.0' ],
116 silly audit   sharp: [ '0.34.5' ],
116 silly audit   'shebang-command': [ '2.0.0' ],
116 silly audit   'shebang-regex': [ '3.0.0' ],
116 silly audit   'side-channel': [ '1.1.0' ],
116 silly audit   'side-channel-list': [ '1.0.0' ],
116 silly audit   'side-channel-map': [ '1.0.1' ],
116 silly audit   'side-channel-weakmap': [ '1.0.2' ],
116 silly audit   'source-map-js': [ '1.2.1' ],
116 silly audit   'stable-hash': [ '0.0.5' ],
116 silly audit   'stats-gl': [ '2.4.2' ],
116 silly audit   three: [ '0.170.0', '0.169.0' ],
116 silly audit   'stats.js': [ '0.17.0' ],
116 silly audit   'stop-iteration-iterator': [ '1.1.0' ],
116 silly audit   'string.prototype.includes': [ '2.0.1' ],
116 silly audit   'string.prototype.matchall': [ '4.0.12' ],
116 silly audit   'string.prototype.repeat': [ '1.0.0' ],
116 silly audit   'string.prototype.trim': [ '1.2.10' ],
116 silly audit   'string.prototype.trimend': [ '1.0.9' ],
116 silly audit   'string.prototype.trimstart': [ '1.0.8' ],
116 silly audit   'strip-bom': [ '3.0.0' ],
116 silly audit   'strip-json-comments': [ '3.1.1' ],
116 silly audit   'styled-jsx': [ '5.1.6' ],
116 silly audit   'supports-color': [ '7.2.0' ],
116 silly audit   'supports-preserve-symlinks-flag': [ '1.0.0' ],
116 silly audit   'suspend-react': [ '0.1.3' ],
116 silly audit   'three-mesh-bvh': [ '0.7.8' ],
116 silly audit   'three-stdlib': [ '2.36.1' ],
116 silly audit   tinyglobby: [ '0.2.15' ],
116 silly audit   fdir: [ '6.5.0' ],
116 silly audit   'to-regex-range': [ '5.0.1' ],
116 silly audit   'troika-three-text': [ '0.52.4' ],
116 silly audit   'troika-three-utils': [ '0.52.4' ],
116 silly audit   'troika-worker-utils': [ '0.52.0' ],
116 silly audit   'ts-api-utils': [ '2.4.0' ],
116 silly audit   'tsconfig-paths': [ '3.15.0' ],
116 silly audit   tslib: [ '2.8.1' ],
116 silly audit   'tunnel-rat': [ '0.1.2' ],
116 silly audit   'type-check': [ '0.4.0' ],
116 silly audit   'typed-array-buffer': [ '1.0.3' ],
116 silly audit   'typed-array-byte-length': [ '1.0.3' ],
116 silly audit   'typed-array-byte-offset': [ '1.0.4' ],
116 silly audit   'typed-array-length': [ '1.0.7' ],
116 silly audit   typescript: [ '5.9.3' ],
116 silly audit   'unbox-primitive': [ '1.1.0' ],
116 silly audit   'undici-types': [ '6.21.0' ],
116 silly audit   'unrs-resolver': [ '1.11.1' ],
116 silly audit   'uri-js': [ '4.4.1' ],
116 silly audit   'use-sync-external-store': [ '1.6.0' ],
116 silly audit   'utility-types': [ '3.11.0' ],
116 silly audit   'webgl-constants': [ '1.1.1' ],
116 silly audit   'webgl-sdf-generator': [ '1.1.1' ],
116 silly audit   which: [ '2.0.2' ],
116 silly audit   'which-boxed-primitive': [ '1.1.1' ],
116 silly audit   'which-builtin-type': [ '1.2.1' ],
116 silly audit   'which-collection': [ '1.0.2' ],
116 silly audit   'which-typed-array': [ '1.1.20' ],
116 silly audit   'word-wrap': [ '1.2.5' ],
116 silly audit   'yocto-queue': [ '0.1.0' ],
116 silly audit   '@react-three/postprocessing': [ '2.19.1' ],
116 silly audit   n8ao: [ '1.10.1' ]
116 silly audit }
117 verbose reify failed optional dependency /Volumes/Wenting_NVMe/Dev/Portfolio/portfolio-2026/node_modules/@unrs/resolver-binding-win32-x64-msvc
118 silly reify mark deleted [
118 silly reify   '/Volumes/Wenting_NVMe/Dev/Portfolio/portfolio-2026/node_modules/@unrs/resolver-binding-win32-x64-msvc'
118 silly reify ]
119 verbose reify failed optional dependency /Volumes/Wenting_NVMe/Dev/Portfolio/portfolio-2026/node_modules/@unrs/resolver-binding-win32-ia32-msvc
120 silly reify mark deleted [
120 silly reify   '/Volumes/Wenting_NVMe/Dev/Portfolio/portfolio-2026/node_modules/@unrs/resolver-binding-win32-ia32-msvc'
120 silly reify ]
121 verbose reify failed optional dependency /Volumes/Wenting_NVMe/Dev/Portfolio/portfolio-2026/node_modules/@unrs/resolver-binding-win32-arm64-msvc
122 silly reify mark deleted [
122 silly reify   '/Volumes/Wenting_NVMe/Dev/Portfolio/portfolio-2026/node_modules/@unrs/resolver-binding-win32-arm64-msvc'
122 silly reify ]
123 verbose reify failed optional dependency /Volumes/Wenting_NVMe/Dev/Portfolio/portfolio-2026/node_modules/@unrs/resolver-binding-wasm32-wasi
124 silly reify mark deleted [
124 silly reify   '/Volumes/Wenting_NVMe/Dev/Portfolio/portfolio-2026/node_modules/@unrs/resolver-binding-wasm32-wasi'
124 silly reify ]
125 verbose reify failed optional dependency /Volumes/Wenting_NVMe/Dev/Portfolio/portfolio-2026/node_modules/@napi-rs/wasm-runtime
126 silly reify mark deleted [
126 silly reify   '/Volumes/Wenting_NVMe/Dev/Portfolio/portfolio-2026/node_modules/@napi-rs/wasm-runtime'
126 silly reify ]
127 verbose reify failed optional dependency /Volumes/Wenting_NVMe/Dev/Portfolio/portfolio-2026/node_modules/@emnapi/core
128 silly reify mark deleted [
128 silly reify   '/Volumes/Wenting_NVMe/Dev/Portfolio/portfolio-2026/node_modules/@emnapi/core'
128 silly reify ]
129 verbose reify failed optional dependency /Volumes/Wenting_NVMe/Dev/Portfolio/portfolio-2026/node_modules/@tybys/wasm-util
130 silly reify mark deleted [
130 silly reify   '/Volumes/Wenting_NVMe/Dev/Portfolio/portfolio-2026/node_modules/@tybys/wasm-util'
130 silly reify ]
131 verbose reify failed optional dependency /Volumes/Wenting_NVMe/Dev/Portfolio/portfolio-2026/node_modules/@emnapi/wasi-threads
132 silly reify mark deleted [
132 silly reify   '/Volumes/Wenting_NVMe/Dev/Portfolio/portfolio-2026/node_modules/@emnapi/wasi-threads'
132 silly reify ]
133 verbose reify failed optional dependency /Volumes/Wenting_NVMe/Dev/Portfolio/portfolio-2026/node_modules/@unrs/resolver-binding-linux-x64-musl
134 silly reify mark deleted [
134 silly reify   '/Volumes/Wenting_NVMe/Dev/Portfolio/portfolio-2026/node_modules/@unrs/resolver-binding-linux-x64-musl'
134 silly reify ]
135 verbose reify failed optional dependency /Volumes/Wenting_NVMe/Dev/Portfolio/portfolio-2026/node_modules/@unrs/resolver-binding-linux-x64-gnu
136 silly reify mark deleted [
136 silly reify   '/Volumes/Wenting_NVMe/Dev/Portfolio/portfolio-2026/node_modules/@unrs/resolver-binding-linux-x64-gnu'
136 silly reify ]
137 verbose reify failed optional dependency /Volumes/Wenting_NVMe/Dev/Portfolio/portfolio-2026/node_modules/@unrs/resolver-binding-linux-s390x-gnu
138 silly reify mark deleted [
138 silly reify   '/Volumes/Wenting_NVMe/Dev/Portfolio/portfolio-2026/node_modules/@unrs/resolver-binding-linux-s390x-gnu'
138 silly reify ]
139 verbose reify failed optional dependency /Volumes/Wenting_NVMe/Dev/Portfolio/portfolio-2026/node_modules/@unrs/resolver-binding-linux-riscv64-musl
140 silly reify mark deleted [
140 silly reify   '/Volumes/Wenting_NVMe/Dev/Portfolio/portfolio-2026/node_modules/@unrs/resolver-binding-linux-riscv64-musl'
140 silly reify ]
141 verbose reify failed optional dependency /Volumes/Wenting_NVMe/Dev/Portfolio/portfolio-2026/node_modules/@unrs/resolver-binding-linux-riscv64-gnu
142 silly reify mark deleted [
142 silly reify   '/Volumes/Wenting_NVMe/Dev/Portfolio/portfolio-2026/node_modules/@unrs/resolver-binding-linux-riscv64-gnu'
142 silly reify ]
143 verbose reify failed optional dependency /Volumes/Wenting_NVMe/Dev/Portfolio/portfolio-2026/node_modules/@unrs/resolver-binding-linux-ppc64-gnu
144 silly reify mark deleted [
144 silly reify   '/Volumes/Wenting_NVMe/Dev/Portfolio/portfolio-2026/node_modules/@unrs/resolver-binding-linux-ppc64-gnu'
144 silly reify ]
145 verbose reify failed optional dependency /Volumes/Wenting_NVMe/Dev/Portfolio/portfolio-2026/node_modules/@unrs/resolver-binding-linux-arm64-musl
146 silly reify mark deleted [
146 silly reify   '/Volumes/Wenting_NVMe/Dev/Portfolio/portfolio-2026/node_modules/@unrs/resolver-binding-linux-arm64-musl'
146 silly reify ]
147 verbose reify failed optional dependency /Volumes/Wenting_NVMe/Dev/Portfolio/portfolio-2026/node_modules/@unrs/resolver-binding-linux-arm64-gnu
148 silly reify mark deleted [
148 silly reify   '/Volumes/Wenting_NVMe/Dev/Portfolio/portfolio-2026/node_modules/@unrs/resolver-binding-linux-arm64-gnu'
148 silly reify ]
149 verbose reify failed optional dependency /Volumes/Wenting_NVMe/Dev/Portfolio/portfolio-2026/node_modules/@unrs/resolver-binding-linux-arm-musleabihf
150 silly reify mark deleted [
150 silly reify   '/Volumes/Wenting_NVMe/Dev/Portfolio/portfolio-2026/node_modules/@unrs/resolver-binding-linux-arm-musleabihf'
150 silly reify ]
151 verbose reify failed optional dependency /Volumes/Wenting_NVMe/Dev/Portfolio/portfolio-2026/node_modules/@unrs/resolver-binding-linux-arm-gnueabihf
152 silly reify mark deleted [
152 silly reify   '/Volumes/Wenting_NVMe/Dev/Portfolio/portfolio-2026/node_modules/@unrs/resolver-binding-linux-arm-gnueabihf'
152 silly reify ]
153 verbose reify failed optional dependency /Volumes/Wenting_NVMe/Dev/Portfolio/portfolio-2026/node_modules/@unrs/resolver-binding-freebsd-x64
154 silly reify mark deleted [
154 silly reify   '/Volumes/Wenting_NVMe/Dev/Portfolio/portfolio-2026/node_modules/@unrs/resolver-binding-freebsd-x64'
154 silly reify ]
155 verbose reify failed optional dependency /Volumes/Wenting_NVMe/Dev/Portfolio/portfolio-2026/node_modules/@unrs/resolver-binding-darwin-x64
156 silly reify mark deleted [
156 silly reify   '/Volumes/Wenting_NVMe/Dev/Portfolio/portfolio-2026/node_modules/@unrs/resolver-binding-darwin-x64'
156 silly reify ]
157 verbose reify failed optional dependency /Volumes/Wenting_NVMe/Dev/Portfolio/portfolio-2026/node_modules/@unrs/resolver-binding-android-arm64
158 silly reify mark deleted [
158 silly reify   '/Volumes/Wenting_NVMe/Dev/Portfolio/portfolio-2026/node_modules/@unrs/resolver-binding-android-arm64'
158 silly reify ]
159 verbose reify failed optional dependency /Volumes/Wenting_NVMe/Dev/Portfolio/portfolio-2026/node_modules/@unrs/resolver-binding-android-arm-eabi
160 silly reify mark deleted [
160 silly reify   '/Volumes/Wenting_NVMe/Dev/Portfolio/portfolio-2026/node_modules/@unrs/resolver-binding-android-arm-eabi'
160 silly reify ]
161 verbose reify failed optional dependency /Volumes/Wenting_NVMe/Dev/Portfolio/portfolio-2026/node_modules/@parcel/watcher-win32-x64
162 silly reify mark deleted [
162 silly reify   '/Volumes/Wenting_NVMe/Dev/Portfolio/portfolio-2026/node_modules/@parcel/watcher-win32-x64'
162 silly reify ]
163 verbose reify failed optional dependency /Volumes/Wenting_NVMe/Dev/Portfolio/portfolio-2026/node_modules/@parcel/watcher-win32-ia32
164 silly reify mark deleted [
164 silly reify   '/Volumes/Wenting_NVMe/Dev/Portfolio/portfolio-2026/node_modules/@parcel/watcher-win32-ia32'
164 silly reify ]
165 verbose reify failed optional dependency /Volumes/Wenting_NVMe/Dev/Portfolio/portfolio-2026/node_modules/@parcel/watcher-win32-arm64
166 silly reify mark deleted [
166 silly reify   '/Volumes/Wenting_NVMe/Dev/Portfolio/portfolio-2026/node_modules/@parcel/watcher-win32-arm64'
166 silly reify ]
167 verbose reify failed optional dependency /Volumes/Wenting_NVMe/Dev/Portfolio/portfolio-2026/node_modules/@parcel/watcher-linux-x64-musl
168 silly reify mark deleted [
168 silly reify   '/Volumes/Wenting_NVMe/Dev/Portfolio/portfolio-2026/node_modules/@parcel/watcher-linux-x64-musl'
168 silly reify ]
169 verbose reify failed optional dependency /Volumes/Wenting_NVMe/Dev/Portfolio/portfolio-2026/node_modules/@parcel/watcher-linux-x64-glibc
170 silly reify mark deleted [
170 silly reify   '/Volumes/Wenting_NVMe/Dev/Portfolio/portfolio-2026/node_modules/@parcel/watcher-linux-x64-glibc'
170 silly reify ]
171 verbose reify failed optional dependency /Volumes/Wenting_NVMe/Dev/Portfolio/portfolio-2026/node_modules/@parcel/watcher-linux-arm64-musl
172 silly reify mark deleted [
172 silly reify   '/Volumes/Wenting_NVMe/Dev/Portfolio/portfolio-2026/node_modules/@parcel/watcher-linux-arm64-musl'
172 silly reify ]
173 verbose reify failed optional dependency /Volumes/Wenting_NVMe/Dev/Portfolio/portfolio-2026/node_modules/@parcel/watcher-linux-arm64-glibc
174 silly reify mark deleted [
174 silly reify   '/Volumes/Wenting_NVMe/Dev/Portfolio/portfolio-2026/node_modules/@parcel/watcher-linux-arm64-glibc'
174 silly reify ]
175 verbose reify failed optional dependency /Volumes/Wenting_NVMe/Dev/Portfolio/portfolio-2026/node_modules/@parcel/watcher-linux-arm-musl
176 silly reify mark deleted [
176 silly reify   '/Volumes/Wenting_NVMe/Dev/Portfolio/portfolio-2026/node_modules/@parcel/watcher-linux-arm-musl'
176 silly reify ]
177 verbose reify failed optional dependency /Volumes/Wenting_NVMe/Dev/Portfolio/portfolio-2026/node_modules/@parcel/watcher-linux-arm-glibc
178 silly reify mark deleted [
178 silly reify   '/Volumes/Wenting_NVMe/Dev/Portfolio/portfolio-2026/node_modules/@parcel/watcher-linux-arm-glibc'
178 silly reify ]
179 verbose reify failed optional dependency /Volumes/Wenting_NVMe/Dev/Portfolio/portfolio-2026/node_modules/@parcel/watcher-freebsd-x64
180 silly reify mark deleted [
180 silly reify   '/Volumes/Wenting_NVMe/Dev/Portfolio/portfolio-2026/node_modules/@parcel/watcher-freebsd-x64'
180 silly reify ]
181 verbose reify failed optional dependency /Volumes/Wenting_NVMe/Dev/Portfolio/portfolio-2026/node_modules/@parcel/watcher-darwin-x64
182 silly reify mark deleted [
182 silly reify   '/Volumes/Wenting_NVMe/Dev/Portfolio/portfolio-2026/node_modules/@parcel/watcher-darwin-x64'
182 silly reify ]
183 verbose reify failed optional dependency /Volumes/Wenting_NVMe/Dev/Portfolio/portfolio-2026/node_modules/@parcel/watcher-android-arm64
184 silly reify mark deleted [
184 silly reify   '/Volumes/Wenting_NVMe/Dev/Portfolio/portfolio-2026/node_modules/@parcel/watcher-android-arm64'
184 silly reify ]
185 verbose reify failed optional dependency /Volumes/Wenting_NVMe/Dev/Portfolio/portfolio-2026/node_modules/@next/swc-win32-x64-msvc
186 silly reify mark deleted [
186 silly reify   '/Volumes/Wenting_NVMe/Dev/Portfolio/portfolio-2026/node_modules/@next/swc-win32-x64-msvc'
186 silly reify ]
187 verbose reify failed optional dependency /Volumes/Wenting_NVMe/Dev/Portfolio/portfolio-2026/node_modules/@next/swc-win32-arm64-msvc
188 silly reify mark deleted [
188 silly reify   '/Volumes/Wenting_NVMe/Dev/Portfolio/portfolio-2026/node_modules/@next/swc-win32-arm64-msvc'
188 silly reify ]
189 verbose reify failed optional dependency /Volumes/Wenting_NVMe/Dev/Portfolio/portfolio-2026/node_modules/@next/swc-linux-x64-musl
190 silly reify mark deleted [
190 silly reify   '/Volumes/Wenting_NVMe/Dev/Portfolio/portfolio-2026/node_modules/@next/swc-linux-x64-musl'
190 silly reify ]
191 verbose reify failed optional dependency /Volumes/Wenting_NVMe/Dev/Portfolio/portfolio-2026/node_modules/@next/swc-linux-x64-gnu
192 silly reify mark deleted [
192 silly reify   '/Volumes/Wenting_NVMe/Dev/Portfolio/portfolio-2026/node_modules/@next/swc-linux-x64-gnu'
192 silly reify ]
193 verbose reify failed optional dependency /Volumes/Wenting_NVMe/Dev/Portfolio/portfolio-2026/node_modules/@next/swc-linux-arm64-musl
194 silly reify mark deleted [
194 silly reify   '/Volumes/Wenting_NVMe/Dev/Portfolio/portfolio-2026/node_modules/@next/swc-linux-arm64-musl'
194 silly reify ]
195 verbose reify failed optional dependency /Volumes/Wenting_NVMe/Dev/Portfolio/portfolio-2026/node_modules/@next/swc-linux-arm64-gnu
196 silly reify mark deleted [
196 silly reify   '/Volumes/Wenting_NVMe/Dev/Portfolio/portfolio-2026/node_modules/@next/swc-linux-arm64-gnu'
196 silly reify ]
197 verbose reify failed optional dependency /Volumes/Wenting_NVMe/Dev/Portfolio/portfolio-2026/node_modules/@next/swc-darwin-x64
198 silly reify mark deleted [
198 silly reify   '/Volumes/Wenting_NVMe/Dev/Portfolio/portfolio-2026/node_modules/@next/swc-darwin-x64'
198 silly reify ]
199 verbose reify failed optional dependency /Volumes/Wenting_NVMe/Dev/Portfolio/portfolio-2026/node_modules/@img/sharp-win32-x64
200 silly reify mark deleted [
200 silly reify   '/Volumes/Wenting_NVMe/Dev/Portfolio/portfolio-2026/node_modules/@img/sharp-win32-x64'
200 silly reify ]
201 verbose reify failed optional dependency /Volumes/Wenting_NVMe/Dev/Portfolio/portfolio-2026/node_modules/@img/sharp-win32-ia32
202 silly reify mark deleted [
202 silly reify   '/Volumes/Wenting_NVMe/Dev/Portfolio/portfolio-2026/node_modules/@img/sharp-win32-ia32'
202 silly reify ]
203 verbose reify failed optional dependency /Volumes/Wenting_NVMe/Dev/Portfolio/portfolio-2026/node_modules/@img/sharp-win32-arm64
204 silly reify mark deleted [
204 silly reify   '/Volumes/Wenting_NVMe/Dev/Portfolio/portfolio-2026/node_modules/@img/sharp-win32-arm64'
204 silly reify ]
205 verbose reify failed optional dependency /Volumes/Wenting_NVMe/Dev/Portfolio/portfolio-2026/node_modules/@img/sharp-wasm32
206 silly reify mark deleted [
206 silly reify   '/Volumes/Wenting_NVMe/Dev/Portfolio/portfolio-2026/node_modules/@img/sharp-wasm32'
206 silly reify ]
207 verbose reify failed optional dependency /Volumes/Wenting_NVMe/Dev/Portfolio/portfolio-2026/node_modules/@img/sharp-linuxmusl-x64
208 silly reify mark deleted [
208 silly reify   '/Volumes/Wenting_NVMe/Dev/Portfolio/portfolio-2026/node_modules/@img/sharp-linuxmusl-x64'
208 silly reify ]
209 verbose reify failed optional dependency /Volumes/Wenting_NVMe/Dev/Portfolio/portfolio-2026/node_modules/@img/sharp-linuxmusl-arm64
210 silly reify mark deleted [
210 silly reify   '/Volumes/Wenting_NVMe/Dev/Portfolio/portfolio-2026/node_modules/@img/sharp-linuxmusl-arm64'
210 silly reify ]
211 verbose reify failed optional dependency /Volumes/Wenting_NVMe/Dev/Portfolio/portfolio-2026/node_modules/@img/sharp-linux-x64
212 silly reify mark deleted [
212 silly reify   '/Volumes/Wenting_NVMe/Dev/Portfolio/portfolio-2026/node_modules/@img/sharp-linux-x64'
212 silly reify ]
213 verbose reify failed optional dependency /Volumes/Wenting_NVMe/Dev/Portfolio/portfolio-2026/node_modules/@img/sharp-linux-s390x
214 silly reify mark deleted [
214 silly reify   '/Volumes/Wenting_NVMe/Dev/Portfolio/portfolio-2026/node_modules/@img/sharp-linux-s390x'
214 silly reify ]
215 verbose reify failed optional dependency /Volumes/Wenting_NVMe/Dev/Portfolio/portfolio-2026/node_modules/@img/sharp-linux-riscv64
216 silly reify mark deleted [
216 silly reify   '/Volumes/Wenting_NVMe/Dev/Portfolio/portfolio-2026/node_modules/@img/sharp-linux-riscv64'
216 silly reify ]
217 verbose reify failed optional dependency /Volumes/Wenting_NVMe/Dev/Portfolio/portfolio-2026/node_modules/@img/sharp-linux-ppc64
218 silly reify mark deleted [
218 silly reify   '/Volumes/Wenting_NVMe/Dev/Portfolio/portfolio-2026/node_modules/@img/sharp-linux-ppc64'
218 silly reify ]
219 verbose reify failed optional dependency /Volumes/Wenting_NVMe/Dev/Portfolio/portfolio-2026/node_modules/@img/sharp-linux-arm64
220 silly reify mark deleted [
220 silly reify   '/Volumes/Wenting_NVMe/Dev/Portfolio/portfolio-2026/node_modules/@img/sharp-linux-arm64'
220 silly reify ]
221 verbose reify failed optional dependency /Volumes/Wenting_NVMe/Dev/Portfolio/portfolio-2026/node_modules/@img/sharp-linux-arm
222 silly reify mark deleted [
222 silly reify   '/Volumes/Wenting_NVMe/Dev/Portfolio/portfolio-2026/node_modules/@img/sharp-linux-arm'
222 silly reify ]
223 verbose reify failed optional dependency /Volumes/Wenting_NVMe/Dev/Portfolio/portfolio-2026/node_modules/@img/sharp-libvips-linuxmusl-x64
224 silly reify mark deleted [
224 silly reify   '/Volumes/Wenting_NVMe/Dev/Portfolio/portfolio-2026/node_modules/@img/sharp-libvips-linuxmusl-x64'
224 silly reify ]
225 verbose reify failed optional dependency /Volumes/Wenting_NVMe/Dev/Portfolio/portfolio-2026/node_modules/@img/sharp-libvips-linuxmusl-arm64
226 silly reify mark deleted [
226 silly reify   '/Volumes/Wenting_NVMe/Dev/Portfolio/portfolio-2026/node_modules/@img/sharp-libvips-linuxmusl-arm64'
226 silly reify ]
227 verbose reify failed optional dependency /Volumes/Wenting_NVMe/Dev/Portfolio/portfolio-2026/node_modules/@img/sharp-libvips-linux-x64
228 silly reify mark deleted [
228 silly reify   '/Volumes/Wenting_NVMe/Dev/Portfolio/portfolio-2026/node_modules/@img/sharp-libvips-linux-x64'
228 silly reify ]
229 verbose reify failed optional dependency /Volumes/Wenting_NVMe/Dev/Portfolio/portfolio-2026/node_modules/@img/sharp-libvips-linux-s390x
230 silly reify mark deleted [
230 silly reify   '/Volumes/Wenting_NVMe/Dev/Portfolio/portfolio-2026/node_modules/@img/sharp-libvips-linux-s390x'
230 silly reify ]
231 verbose reify failed optional dependency /Volumes/Wenting_NVMe/Dev/Portfolio/portfolio-2026/node_modules/@img/sharp-libvips-linux-riscv64
232 silly reify mark deleted [
232 silly reify   '/Volumes/Wenting_NVMe/Dev/Portfolio/portfolio-2026/node_modules/@img/sharp-libvips-linux-riscv64'
232 silly reify ]
233 verbose reify failed optional dependency /Volumes/Wenting_NVMe/Dev/Portfolio/portfolio-2026/node_modules/@img/sharp-libvips-linux-ppc64
234 silly reify mark deleted [
234 silly reify   '/Volumes/Wenting_NVMe/Dev/Portfolio/portfolio-2026/node_modules/@img/sharp-libvips-linux-ppc64'
234 silly reify ]
235 verbose reify failed optional dependency /Volumes/Wenting_NVMe/Dev/Portfolio/portfolio-2026/node_modules/@img/sharp-libvips-linux-arm64
236 silly reify mark deleted [
236 silly reify   '/Volumes/Wenting_NVMe/Dev/Portfolio/portfolio-2026/node_modules/@img/sharp-libvips-linux-arm64'
236 silly reify ]
237 verbose reify failed optional dependency /Volumes/Wenting_NVMe/Dev/Portfolio/portfolio-2026/node_modules/@img/sharp-libvips-linux-arm
238 silly reify mark deleted [
238 silly reify   '/Volumes/Wenting_NVMe/Dev/Portfolio/portfolio-2026/node_modules/@img/sharp-libvips-linux-arm'
238 silly reify ]
239 verbose reify failed optional dependency /Volumes/Wenting_NVMe/Dev/Portfolio/portfolio-2026/node_modules/@img/sharp-libvips-darwin-x64
240 silly reify mark deleted [
240 silly reify   '/Volumes/Wenting_NVMe/Dev/Portfolio/portfolio-2026/node_modules/@img/sharp-libvips-darwin-x64'
240 silly reify ]
241 verbose reify failed optional dependency /Volumes/Wenting_NVMe/Dev/Portfolio/portfolio-2026/node_modules/@img/sharp-darwin-x64
242 silly reify mark deleted [
242 silly reify   '/Volumes/Wenting_NVMe/Dev/Portfolio/portfolio-2026/node_modules/@img/sharp-darwin-x64'
242 silly reify ]
243 http cache n8ao@https://registry.npmjs.org/n8ao/-/n8ao-1.10.1.tgz 0ms (cache hit)
244 http cache @tybys/wasm-util@https://registry.npmjs.org/@tybys/wasm-util/-/wasm-util-0.10.1.tgz 0ms (cache hit)
245 http cache @react-three/postprocessing@https://registry.npmjs.org/@react-three/postprocessing/-/postprocessing-2.19.1.tgz 0ms (cache hit)
246 http cache @emnapi/wasi-threads@https://registry.npmjs.org/@emnapi/wasi-threads/-/wasi-threads-1.1.0.tgz 0ms (cache hit)
247 http cache @napi-rs/wasm-runtime@https://registry.npmjs.org/@napi-rs/wasm-runtime/-/wasm-runtime-0.2.12.tgz 0ms (cache hit)
248 http cache maath@https://registry.npmjs.org/maath/-/maath-0.6.0.tgz 0ms (cache hit)
249 http cache @emnapi/core@https://registry.npmjs.org/@emnapi/core/-/core-1.8.1.tgz 0ms (cache hit)
250 silly tarball no local data for n8ao@https://registry.npmjs.org/n8ao/-/n8ao-1.10.1.tgz. Extracting by manifest.
251 silly tarball no local data for @tybys/wasm-util@https://registry.npmjs.org/@tybys/wasm-util/-/wasm-util-0.10.1.tgz. Extracting by manifest.
252 silly tarball no local data for @react-three/postprocessing@https://registry.npmjs.org/@react-three/postprocessing/-/postprocessing-2.19.1.tgz. Extracting by manifest.
253 silly tarball no local data for @emnapi/wasi-threads@https://registry.npmjs.org/@emnapi/wasi-threads/-/wasi-threads-1.1.0.tgz. Extracting by manifest.
254 silly tarball no local data for @napi-rs/wasm-runtime@https://registry.npmjs.org/@napi-rs/wasm-runtime/-/wasm-runtime-0.2.12.tgz. Extracting by manifest.
255 silly tarball no local data for maath@https://registry.npmjs.org/maath/-/maath-0.6.0.tgz. Extracting by manifest.
256 silly tarball no local data for @emnapi/core@https://registry.npmjs.org/@emnapi/core/-/core-1.8.1.tgz. Extracting by manifest.
257 http fetch GET 200 https://registry.npmjs.org/n8ao/-/n8ao-1.10.1.tgz 50ms (cache miss)
258 http fetch POST 200 https://registry.npmjs.org/-/npm/v1/security/advisories/bulk 181ms
259 silly audit report {}
260 http fetch GET 200 https://registry.npmjs.org/@emnapi/wasi-threads/-/wasi-threads-1.1.0.tgz 192ms (cache miss)
261 http fetch GET 200 https://registry.npmjs.org/@tybys/wasm-util/-/wasm-util-0.10.1.tgz 207ms (cache miss)
262 http fetch GET 200 https://registry.npmjs.org/@emnapi/core/-/core-1.8.1.tgz 211ms (cache miss)
263 http fetch GET 200 https://registry.npmjs.org/maath/-/maath-0.6.0.tgz 215ms (cache miss)
264 http fetch GET 200 https://registry.npmjs.org/@react-three/postprocessing/-/postprocessing-2.19.1.tgz 225ms (cache miss)
265 http fetch GET 200 https://registry.npmjs.org/@napi-rs/wasm-runtime/-/wasm-runtime-0.2.12.tgz 246ms (cache miss)
266 silly ADD node_modules/n8ao
267 silly ADD node_modules/@react-three/postprocessing
268 silly ADD node_modules/@react-three/postprocessing/node_modules/maath
269 silly ADD
270 silly ADD
271 silly ADD
272 silly ADD
273 silly ADD
274 silly ADD
275 silly ADD
276 silly ADD
277 silly ADD
278 silly ADD
279 silly ADD
280 silly ADD
281 silly ADD
282 silly ADD
283 silly ADD
284 silly ADD
285 silly ADD
286 silly ADD
287 silly ADD
288 silly ADD
289 silly ADD
290 silly ADD
291 silly ADD
292 silly ADD
293 silly ADD
294 silly ADD
295 silly ADD
296 silly ADD
297 silly ADD
298 silly ADD
299 silly ADD
300 silly ADD
301 silly ADD
302 silly ADD
303 silly ADD
304 silly ADD
305 silly ADD
306 silly ADD
307 silly ADD
308 silly ADD
309 silly ADD
310 silly ADD
311 silly ADD
312 silly ADD
313 silly ADD
314 silly ADD
315 silly ADD
316 silly ADD
317 silly ADD
318 silly ADD
319 silly ADD
320 silly ADD
321 silly ADD
322 silly ADD
323 silly ADD
324 silly ADD
325 silly ADD
326 silly ADD
327 silly ADD
328 silly ADD
329 silly ADD
330 silly ADD
331 silly ADD
332 verbose cwd /Volumes/Wenting_NVMe/Dev/Portfolio/portfolio-2026
333 verbose os Darwin 25.1.0
334 verbose node v22.19.0
335 verbose npm  v10.9.3
336 verbose exit 0
337 info ok
